<?xml version="1.0" encoding="UTF-8"?>
<testng-results ignored="0" total="1" passed="1" failed="0" skipped="0">
  <reporter-output>
  </reporter-output>
  <suite started-at="2024-09-03T13:02:42 IST" name="Default suite" finished-at="2024-09-03T13:02:49 IST" duration-ms="6422">
    <groups>
    </groups>
    <test started-at="2024-09-03T13:02:42 IST" name="Default test" finished-at="2024-09-03T13:02:49 IST" duration-ms="6422">
      <class name="Amazon.Project_1.Amazon_B2C_Login_Page_TestCases">
        <test-method signature="login_To_amazon()[pri:0, instance:Amazon.Project_1.Amazon_B2C_Login_Page_TestCases@48974e45]" started-at="2024-09-03T13:02:42 IST" name="login_To_amazon" finished-at="2024-09-03T13:02:49 IST" duration-ms="6366" status="PASS">
          <reporter-output>
          </reporter-output>
        </test-method> <!-- login_To_amazon -->
      </class> <!-- Amazon.Project_1.Amazon_B2C_Login_Page_TestCases -->
    </test> <!-- Default test -->
  </suite> <!-- Default suite -->
</testng-results>
